Failed to initialize platform integrations: AggregateError
    at /workspace/node_modules/pg-pool/index.js:45:11
    at processTicksAndRejections (node:internal/process/task_queues:105:5)
    at async PlatformIntegrationManager.initializeIntegrations (/workspace/backend/src/services/platformIntegration.ts:271:22) {
  code: 'ECONNREFUSED',
  [errors]: [
    Error: connect ECONNREFUSED ::1:5432
        at createConnectionError (node:net:1677:14)
        at afterConnectMultiple (node:net:1707:16) {
      errno: -111,
      code: 'ECONNREFUSED',
      syscall: 'connect',
      address: '::1',
      port: 5432
    },
    Error: connect ECONNREFUSED 127.0.0.1:5432
        at createConnectionError (node:net:1677:14)
        at afterConnectMultiple (node:net:1707:16) {
      errno: -111,
      code: 'ECONNREFUSED',
      syscall: 'connect',
      address: '127.0.0.1',
      port: 5432
    }
  ]
}
❌ Database connection failed: AggregateError
    at /workspace/node_modules/pg-pool/index.js:45:11
    at processTicksAndRejections (node:internal/process/task_queues:105:5)
    at async testDatabaseConnection (/workspace/backend/src/config/database.ts:73:20)
    at async startServer (/workspace/backend/src/index.ts:266:21) {
  code: 'ECONNREFUSED',
  [errors]: [
    Error: connect ECONNREFUSED ::1:5432
        at createConnectionError (node:net:1677:14)
        at afterConnectMultiple (node:net:1707:16) {
      errno: -111,
      code: 'ECONNREFUSED',
      syscall: 'connect',
      address: '::1',
      port: 5432
    },
    Error: connect ECONNREFUSED 127.0.0.1:5432
        at createConnectionError (node:net:1677:14)
        at afterConnectMultiple (node:net:1707:16) {
      errno: -111,
      code: 'ECONNREFUSED',
      syscall: 'connect',
      address: '127.0.0.1',
      port: 5432
    }
  ]
}
⚠️ Running in mock data mode (no database connection)
🚀 Restaurant Dashboard API server running on http://0.0.0.0:5000
📊 Health check: http://0.0.0.0:5000/health
🌐 Environment: development
🔌 Database: Mock Mode
🌍 Access from host: http://localhost:5000
📱 Platform Integrations: 0 active
Error fetching dashboard stats: AggregateError
    at /workspace/node_modules/pg-pool/index.js:45:11
    at processTicksAndRejections (node:internal/process/task_queues:105:5)
    at async /workspace/backend/src/routes/dashboard.ts:39:26 {
  code: 'ECONNREFUSED',
  [errors]: [
    Error: connect ECONNREFUSED ::1:5432
        at createConnectionError (node:net:1677:14)
        at afterConnectMultiple (node:net:1707:16) {
      errno: -111,
      code: 'ECONNREFUSED',
      syscall: 'connect',
      address: '::1',
      port: 5432
    },
    Error: connect ECONNREFUSED 127.0.0.1:5432
        at createConnectionError (node:net:1677:14)
        at afterConnectMultiple (node:net:1707:16) {
      errno: -111,
      code: 'ECONNREFUSED',
      syscall: 'connect',
      address: '127.0.0.1',
      port: 5432
    }
  ]
}
⚠️ Database query failed, returning mock dashboard stats
[0mGET /api/dashboard/stats [32m200[0m 3.106 ms - 99[0m
